--
-- Validate GPDB can create unique index on a table created in utility mode
--
-- NOTICE: we must connect to master in utility mode because the oid of table is
-- preassigned in QD, if we create a table in utility mode in QE, the oid might
-- conflict with preassigned oid.
-1U: create table utilitymode_primary_key_tab (c1 int);
CREATE
-1U: create unique index idx_utilitymode_c1 on utilitymode_primary_key_tab (c1);
CREATE
-1U: drop table utilitymode_primary_key_tab;
DROP

0U: explain analyze select * from gp_segment_configuration order by dbid;
 QUERY PLAN                                                                                                               
--------------------------------------------------------------------------------------------------------------------------
 Sort  (cost=0.01..0.02 rows=1 width=108) (actual time=0.255..0.255 rows=0 loops=1)                                       
   Sort Key: dbid                                                                                                         
   Sort Method:  quicksort  Memory: 33kB                                                                                  
   ->  Seq Scan on gp_segment_configuration  (cost=0.00..0.00 rows=1 width=108) (actual time=0.000..0.000 rows=0 loops=1) 
 Planning time: 2.111 ms                                                                                                  
   (slice0)    Executor memory: 89K bytes (seg0).  Work_mem: 65K bytes max.                                               
 Optimizer: Postgres query optimizer                                                                                      
 Execution time: 0.357 ms                                                                                                 
(8 rows)
